<?xml version="1.0" encoding="UTF-8"?>
<testsuite xmlns:xsi="http://www.w3.org/2001/XMLSchema-instance" xsi:noNamespaceSchemaLocation="https://maven.apache.org/surefire/maven-surefire-plugin/xsd/surefire-test-report-3.0.xsd" version="3.0" name="pl.polsl.Model_package.ModelStatisticsSpotifyTest" time="0.172" tests="15" errors="0" skipped="0" failures="0">
  <properties>
[...]
</properties>
  <testcase name="testMostPopularSong(String)[1]" classname="pl.polsl.Model_package.ModelStatisticsSpotifyTest" time="0.038"/>
  <testcase name="testSaveDataToFile(String)[1]" classname="pl.polsl.Model_package.ModelStatisticsSpotifyTest" time="0.013"/>
  <testcase name="testSetStatSpotify(String, String, String)[1]" classname="pl.polsl.Model_package.ModelStatisticsSpotifyTest" time="0.001"/>
  <testcase name="testSetStatSpotify(String, String, String)[2]" classname="pl.polsl.Model_package.ModelStatisticsSpotifyTest" time="0.001"/>
  <testcase name="testSetStatSpotify(String, String, String)[3]" classname="pl.polsl.Model_package.ModelStatisticsSpotifyTest" time="0.001"/>
  <testcase name="testMostPopularArtist(String)[1]" classname="pl.polsl.Model_package.ModelStatisticsSpotifyTest" time="0.003"/>
  <testcase name="testReadFile(String)[1]" classname="pl.polsl.Model_package.ModelStatisticsSpotifyTest" time="0.007"/>
  <testcase name="testReadFile(String)[2]" classname="pl.polsl.Model_package.ModelStatisticsSpotifyTest" time="0.011"/>
  <testcase name="testReadFile(String)[3]" classname="pl.polsl.Model_package.ModelStatisticsSpotifyTest" time="0.001"/>
  <testcase name="testSpearmanKorelation(String)[1]" classname="pl.polsl.Model_package.ModelStatisticsSpotifyTest" time="0.002"/>
  <testcase name="testLeastPopularArtist(String)[1]" classname="pl.polsl.Model_package.ModelStatisticsSpotifyTest" time="0.001"/>
  <testcase name="testArtistSorter(String)[1]" classname="pl.polsl.Model_package.ModelStatisticsSpotifyTest" time="0.002"/>
  <testcase name="testGenerateReport(String)[1]" classname="pl.polsl.Model_package.ModelStatisticsSpotifyTest" time="0.002"/>
  <testcase name="testArithmeticMeanOfListens(String)[1]" classname="pl.polsl.Model_package.ModelStatisticsSpotifyTest" time="0.001"/>
  <testcase name="testLeastPopularSong(String)[1]" classname="pl.polsl.Model_package.ModelStatisticsSpotifyTest" time="0.001"/>
</testsuite>